extensions/cast/buildout/outputs/logs/manifest-merger-debug-report.txt
-- Merging decision tree log ---
manifest
ADDED from src/main/AndroidManifest.xml:16:1-18:12
INJECTED from src/main/AndroidManifest.xml:16:1-18:12
INJECTED from src/main/AndroidManifest.xml:16:1-18:12
	package
		ADDED from src/main/AndroidManifest.xml:16:11-59
		INJECTED from src/main/AndroidManifest.xml
		INJECTED from src/main/AndroidManifest.xml
	xmlns:android
		ADDED from src/main/AndroidManifest.xml:16:1-18:12
uses-sdk
ADDED from src/main/AndroidManifest.xml:17:3-14
INJECTED from src/main/AndroidManifest.xml:17:3-14
INJECTED from src/main/AndroidManifest.xml:17:3-14
INJECTED from src/main/AndroidManifest.xml:17:3-14
INJECTED from src/main/AndroidManifest.xml:17:3-14
	android:targetSdkVersion
		INJECTED from src/main/AndroidManifest.xml
		ADDED from src/main/AndroidManifest.xml:17:3-14
		INJECTED from src/main/AndroidManifest.xml
	android:minSdkVersion
		INJECTED from src/main/AndroidManifest.xml
		ADDED from src/main/AndroidManifest.xml:17:3-14
		INJECTED from src/main/AndroidManifest.xml